<?xml version="1.0" encoding="UTF-8"?>
<testsuite xmlns:xsi="http://www.w3.org/2001/XMLSchema-instance" xsi:noNamespaceSchemaLocation="https://maven.apache.org/surefire/maven-surefire-plugin/xsd/surefire-test-report.xsd" name="TestSuite" time="49.014" tests="3" errors="0" skipped="0" failures="1">
  <properties>
    <property name="sun.desktop" value="windows"/>
    <property name="awt.toolkit" value="sun.awt.windows.WToolkit"/>
    <property name="file.encoding.pkg" value="sun.io"/>
    <property name="java.specification.version" value="1.8"/>
    <property name="sun.cpu.isalist" value="amd64"/>
    <property name="sun.jnu.encoding" value="Cp1252"/>
    <property name="java.class.path" value="C:\Users\danma\IdeaProjects\TrelloMaven\TrelloMaven\target\test-classes;C:\Users\danma\IdeaProjects\TrelloMaven\TrelloMaven\target\classes;C:\Users\danma\.m2\repository\org\testng\testng\7.0.0\testng-7.0.0.jar;C:\Users\danma\.m2\repository\com\beust\jcommander\1.72\jcommander-1.72.jar;C:\Users\danma\.m2\repository\log4j\log4j\1.2.17\log4j-1.2.17.jar;C:\Users\danma\.m2\repository\ru\stqa\selenium\webdriver-factory\4.3\webdriver-factory-4.3.jar;C:\Users\danma\.m2\repository\org\hamcrest\java-hamcrest\2.0.0.0\java-hamcrest-2.0.0.0.jar;C:\Users\danma\.m2\repository\org\seleniumhq\selenium\selenium-java\3.141.59\selenium-java-3.141.59.jar;C:\Users\danma\.m2\repository\org\seleniumhq\selenium\selenium-api\3.141.59\selenium-api-3.141.59.jar;C:\Users\danma\.m2\repository\org\seleniumhq\selenium\selenium-chrome-driver\3.141.59\selenium-chrome-driver-3.141.59.jar;C:\Users\danma\.m2\repository\org\seleniumhq\selenium\selenium-edge-driver\3.141.59\selenium-edge-driver-3.141.59.jar;C:\Users\danma\.m2\repository\org\seleniumhq\selenium\selenium-firefox-driver\3.141.59\selenium-firefox-driver-3.141.59.jar;C:\Users\danma\.m2\repository\org\seleniumhq\selenium\selenium-ie-driver\3.141.59\selenium-ie-driver-3.141.59.jar;C:\Users\danma\.m2\repository\org\seleniumhq\selenium\selenium-opera-driver\3.141.59\selenium-opera-driver-3.141.59.jar;C:\Users\danma\.m2\repository\org\seleniumhq\selenium\selenium-remote-driver\3.141.59\selenium-remote-driver-3.141.59.jar;C:\Users\danma\.m2\repository\org\seleniumhq\selenium\selenium-safari-driver\3.141.59\selenium-safari-driver-3.141.59.jar;C:\Users\danma\.m2\repository\org\seleniumhq\selenium\selenium-support\3.141.59\selenium-support-3.141.59.jar;C:\Users\danma\.m2\repository\net\bytebuddy\byte-buddy\1.8.15\byte-buddy-1.8.15.jar;C:\Users\danma\.m2\repository\org\apache\commons\commons-exec\1.3\commons-exec-1.3.jar;C:\Users\danma\.m2\repository\com\google\guava\guava\25.0-jre\guava-25.0-jre.jar;C:\Users\danma\.m2\repository\com\google\code\findbugs\jsr305\1.3.9\jsr305-1.3.9.jar;C:\Users\danma\.m2\repository\org\checkerframework\checker-compat-qual\2.0.0\checker-compat-qual-2.0.0.jar;C:\Users\danma\.m2\repository\com\google\errorprone\error_prone_annotations\2.1.3\error_prone_annotations-2.1.3.jar;C:\Users\danma\.m2\repository\com\google\j2objc\j2objc-annotations\1.1\j2objc-annotations-1.1.jar;C:\Users\danma\.m2\repository\org\codehaus\mojo\animal-sniffer-annotations\1.14\animal-sniffer-annotations-1.14.jar;C:\Users\danma\.m2\repository\com\squareup\okhttp3\okhttp\3.11.0\okhttp-3.11.0.jar;C:\Users\danma\.m2\repository\com\squareup\okio\okio\1.14.0\okio-1.14.0.jar;C:\Users\danma\.m2\repository\org\seleniumhq\selenium\htmlunit-driver\2.36.0\htmlunit-driver-2.36.0.jar;C:\Users\danma\.m2\repository\net\sourceforge\htmlunit\htmlunit\2.36.0\htmlunit-2.36.0.jar;C:\Users\danma\.m2\repository\xalan\xalan\2.7.2\xalan-2.7.2.jar;C:\Users\danma\.m2\repository\xalan\serializer\2.7.2\serializer-2.7.2.jar;C:\Users\danma\.m2\repository\org\apache\commons\commons-lang3\3.9\commons-lang3-3.9.jar;C:\Users\danma\.m2\repository\org\apache\commons\commons-text\1.7\commons-text-1.7.jar;C:\Users\danma\.m2\repository\org\apache\httpcomponents\httpmime\4.5.9\httpmime-4.5.9.jar;C:\Users\danma\.m2\repository\org\apache\httpcomponents\httpclient\4.5.9\httpclient-4.5.9.jar;C:\Users\danma\.m2\repository\org\apache\httpcomponents\httpcore\4.4.11\httpcore-4.4.11.jar;C:\Users\danma\.m2\repository\commons-codec\commons-codec\1.11\commons-codec-1.11.jar;C:\Users\danma\.m2\repository\net\sourceforge\htmlunit\htmlunit-core-js\2.36.0\htmlunit-core-js-2.36.0.jar;C:\Users\danma\.m2\repository\net\sourceforge\htmlunit\neko-htmlunit\2.36.0\neko-htmlunit-2.36.0.jar;C:\Users\danma\.m2\repository\xerces\xercesImpl\2.12.0\xercesImpl-2.12.0.jar;C:\Users\danma\.m2\repository\xml-apis\xml-apis\1.4.01\xml-apis-1.4.01.jar;C:\Users\danma\.m2\repository\net\sourceforge\htmlunit\htmlunit-cssparser\1.5.0\htmlunit-cssparser-1.5.0.jar;C:\Users\danma\.m2\repository\commons-io\commons-io\2.6\commons-io-2.6.jar;C:\Users\danma\.m2\repository\commons-logging\commons-logging\1.2\commons-logging-1.2.jar;C:\Users\danma\.m2\repository\commons-net\commons-net\3.6\commons-net-3.6.jar;C:\Users\danma\.m2\repository\org\brotli\dec\0.1.2\dec-0.1.2.jar;C:\Users\danma\.m2\repository\org\eclipse\jetty\websocket\websocket-client\9.4.20.v20190813\websocket-client-9.4.20.v20190813.jar;C:\Users\danma\.m2\repository\org\eclipse\jetty\jetty-client\9.4.20.v20190813\jetty-client-9.4.20.v20190813.jar;C:\Users\danma\.m2\repository\org\eclipse\jetty\jetty-http\9.4.20.v20190813\jetty-http-9.4.20.v20190813.jar;C:\Users\danma\.m2\repository\org\eclipse\jetty\jetty-xml\9.4.20.v20190813\jetty-xml-9.4.20.v20190813.jar;C:\Users\danma\.m2\repository\org\eclipse\jetty\jetty-util\9.4.20.v20190813\jetty-util-9.4.20.v20190813.jar;C:\Users\danma\.m2\repository\org\eclipse\jetty\jetty-io\9.4.20.v20190813\jetty-io-9.4.20.v20190813.jar;C:\Users\danma\.m2\repository\org\eclipse\jetty\websocket\websocket-common\9.4.20.v20190813\websocket-common-9.4.20.v20190813.jar;C:\Users\danma\.m2\repository\org\eclipse\jetty\websocket\websocket-api\9.4.20.v20190813\websocket-api-9.4.20.v20190813.jar;"/>
    <property name="java.vm.vendor" value="Oracle Corporation"/>
    <property name="sun.arch.data.model" value="64"/>
    <property name="application.properties" value="/application.properties"/>
    <property name="user.variant" value=""/>
    <property name="java.vendor.url" value="http://java.oracle.com/"/>
    <property name="user.timezone" value="Asia/Jerusalem"/>
    <property name="java.vm.specification.version" value="1.8"/>
    <property name="os.name" value="Windows 10"/>
    <property name="user.country" value="US"/>
    <property name="sun.java.launcher" value="SUN_STANDARD"/>
    <property name="sun.boot.library.path" value="C:\Program Files\Java\jdk1.8.0_281\jre\bin"/>
    <property name="sun.java.command" value="C:\Users\danma\AppData\Local\Temp\surefire3444350784369984510\surefirebooter7303155327288656669.jar C:\Users\danma\AppData\Local\Temp\surefire3444350784369984510 2021-04-30T11-15-13_352-jvmRun1 surefire1613510124197935497tmp surefire_01925983511567825767tmp"/>
    <property name="surefire.test.class.path" value="C:\Users\danma\IdeaProjects\TrelloMaven\TrelloMaven\target\test-classes;C:\Users\danma\IdeaProjects\TrelloMaven\TrelloMaven\target\classes;C:\Users\danma\.m2\repository\org\testng\testng\7.0.0\testng-7.0.0.jar;C:\Users\danma\.m2\repository\com\beust\jcommander\1.72\jcommander-1.72.jar;C:\Users\danma\.m2\repository\log4j\log4j\1.2.17\log4j-1.2.17.jar;C:\Users\danma\.m2\repository\ru\stqa\selenium\webdriver-factory\4.3\webdriver-factory-4.3.jar;C:\Users\danma\.m2\repository\org\hamcrest\java-hamcrest\2.0.0.0\java-hamcrest-2.0.0.0.jar;C:\Users\danma\.m2\repository\org\seleniumhq\selenium\selenium-java\3.141.59\selenium-java-3.141.59.jar;C:\Users\danma\.m2\repository\org\seleniumhq\selenium\selenium-api\3.141.59\selenium-api-3.141.59.jar;C:\Users\danma\.m2\repository\org\seleniumhq\selenium\selenium-chrome-driver\3.141.59\selenium-chrome-driver-3.141.59.jar;C:\Users\danma\.m2\repository\org\seleniumhq\selenium\selenium-edge-driver\3.141.59\selenium-edge-driver-3.141.59.jar;C:\Users\danma\.m2\repository\org\seleniumhq\selenium\selenium-firefox-driver\3.141.59\selenium-firefox-driver-3.141.59.jar;C:\Users\danma\.m2\repository\org\seleniumhq\selenium\selenium-ie-driver\3.141.59\selenium-ie-driver-3.141.59.jar;C:\Users\danma\.m2\repository\org\seleniumhq\selenium\selenium-opera-driver\3.141.59\selenium-opera-driver-3.141.59.jar;C:\Users\danma\.m2\repository\org\seleniumhq\selenium\selenium-remote-driver\3.141.59\selenium-remote-driver-3.141.59.jar;C:\Users\danma\.m2\repository\org\seleniumhq\selenium\selenium-safari-driver\3.141.59\selenium-safari-driver-3.141.59.jar;C:\Users\danma\.m2\repository\org\seleniumhq\selenium\selenium-support\3.141.59\selenium-support-3.141.59.jar;C:\Users\danma\.m2\repository\net\bytebuddy\byte-buddy\1.8.15\byte-buddy-1.8.15.jar;C:\Users\danma\.m2\repository\org\apache\commons\commons-exec\1.3\commons-exec-1.3.jar;C:\Users\danma\.m2\repository\com\google\guava\guava\25.0-jre\guava-25.0-jre.jar;C:\Users\danma\.m2\repository\com\google\code\findbugs\jsr305\1.3.9\jsr305-1.3.9.jar;C:\Users\danma\.m2\repository\org\checkerframework\checker-compat-qual\2.0.0\checker-compat-qual-2.0.0.jar;C:\Users\danma\.m2\repository\com\google\errorprone\error_prone_annotations\2.1.3\error_prone_annotations-2.1.3.jar;C:\Users\danma\.m2\repository\com\google\j2objc\j2objc-annotations\1.1\j2objc-annotations-1.1.jar;C:\Users\danma\.m2\repository\org\codehaus\mojo\animal-sniffer-annotations\1.14\animal-sniffer-annotations-1.14.jar;C:\Users\danma\.m2\repository\com\squareup\okhttp3\okhttp\3.11.0\okhttp-3.11.0.jar;C:\Users\danma\.m2\repository\com\squareup\okio\okio\1.14.0\okio-1.14.0.jar;C:\Users\danma\.m2\repository\org\seleniumhq\selenium\htmlunit-driver\2.36.0\htmlunit-driver-2.36.0.jar;C:\Users\danma\.m2\repository\net\sourceforge\htmlunit\htmlunit\2.36.0\htmlunit-2.36.0.jar;C:\Users\danma\.m2\repository\xalan\xalan\2.7.2\xalan-2.7.2.jar;C:\Users\danma\.m2\repository\xalan\serializer\2.7.2\serializer-2.7.2.jar;C:\Users\danma\.m2\repository\org\apache\commons\commons-lang3\3.9\commons-lang3-3.9.jar;C:\Users\danma\.m2\repository\org\apache\commons\commons-text\1.7\commons-text-1.7.jar;C:\Users\danma\.m2\repository\org\apache\httpcomponents\httpmime\4.5.9\httpmime-4.5.9.jar;C:\Users\danma\.m2\repository\org\apache\httpcomponents\httpclient\4.5.9\httpclient-4.5.9.jar;C:\Users\danma\.m2\repository\org\apache\httpcomponents\httpcore\4.4.11\httpcore-4.4.11.jar;C:\Users\danma\.m2\repository\commons-codec\commons-codec\1.11\commons-codec-1.11.jar;C:\Users\danma\.m2\repository\net\sourceforge\htmlunit\htmlunit-core-js\2.36.0\htmlunit-core-js-2.36.0.jar;C:\Users\danma\.m2\repository\net\sourceforge\htmlunit\neko-htmlunit\2.36.0\neko-htmlunit-2.36.0.jar;C:\Users\danma\.m2\repository\xerces\xercesImpl\2.12.0\xercesImpl-2.12.0.jar;C:\Users\danma\.m2\repository\xml-apis\xml-apis\1.4.01\xml-apis-1.4.01.jar;C:\Users\danma\.m2\repository\net\sourceforge\htmlunit\htmlunit-cssparser\1.5.0\htmlunit-cssparser-1.5.0.jar;C:\Users\danma\.m2\repository\commons-io\commons-io\2.6\commons-io-2.6.jar;C:\Users\danma\.m2\repository\commons-logging\commons-logging\1.2\commons-logging-1.2.jar;C:\Users\danma\.m2\repository\commons-net\commons-net\3.6\commons-net-3.6.jar;C:\Users\danma\.m2\repository\org\brotli\dec\0.1.2\dec-0.1.2.jar;C:\Users\danma\.m2\repository\org\eclipse\jetty\websocket\websocket-client\9.4.20.v20190813\websocket-client-9.4.20.v20190813.jar;C:\Users\danma\.m2\repository\org\eclipse\jetty\jetty-client\9.4.20.v20190813\jetty-client-9.4.20.v20190813.jar;C:\Users\danma\.m2\repository\org\eclipse\jetty\jetty-http\9.4.20.v20190813\jetty-http-9.4.20.v20190813.jar;C:\Users\danma\.m2\repository\org\eclipse\jetty\jetty-xml\9.4.20.v20190813\jetty-xml-9.4.20.v20190813.jar;C:\Users\danma\.m2\repository\org\eclipse\jetty\jetty-util\9.4.20.v20190813\jetty-util-9.4.20.v20190813.jar;C:\Users\danma\.m2\repository\org\eclipse\jetty\jetty-io\9.4.20.v20190813\jetty-io-9.4.20.v20190813.jar;C:\Users\danma\.m2\repository\org\eclipse\jetty\websocket\websocket-common\9.4.20.v20190813\websocket-common-9.4.20.v20190813.jar;C:\Users\danma\.m2\repository\org\eclipse\jetty\websocket\websocket-api\9.4.20.v20190813\websocket-api-9.4.20.v20190813.jar;"/>
    <property name="sun.cpu.endian" value="little"/>
    <property name="user.home" value="C:\Users\danma"/>
    <property name="user.language" value="en"/>
    <property name="java.specification.vendor" value="Oracle Corporation"/>
    <property name="java.home" value="C:\Program Files\Java\jdk1.8.0_281\jre"/>
    <property name="basedir" value="C:\Users\danma\IdeaProjects\TrelloMaven\TrelloMaven"/>
    <property name="file.separator" value="\"/>
    <property name="line.separator" value="&#10;"/>
    <property name="java.vm.specification.vendor" value="Oracle Corporation"/>
    <property name="java.specification.name" value="Java Platform API Specification"/>
    <property name="java.awt.graphicsenv" value="sun.awt.Win32GraphicsEnvironment"/>
    <property name="surefire.real.class.path" value="C:\Users\danma\AppData\Local\Temp\surefire3444350784369984510\surefirebooter7303155327288656669.jar"/>
    <property name="sun.boot.class.path" value="C:\Program Files\Java\jdk1.8.0_281\jre\lib\resources.jar;C:\Program Files\Java\jdk1.8.0_281\jre\lib\rt.jar;C:\Program Files\Java\jdk1.8.0_281\jre\lib\sunrsasign.jar;C:\Program Files\Java\jdk1.8.0_281\jre\lib\jsse.jar;C:\Program Files\Java\jdk1.8.0_281\jre\lib\jce.jar;C:\Program Files\Java\jdk1.8.0_281\jre\lib\charsets.jar;C:\Program Files\Java\jdk1.8.0_281\jre\lib\jfr.jar;C:\Program Files\Java\jdk1.8.0_281\jre\classes"/>
    <property name="user.script" value=""/>
    <property name="sun.management.compiler" value="HotSpot 64-Bit Tiered Compilers"/>
    <property name="java.runtime.version" value="1.8.0_281-b09"/>
    <property name="user.name" value="danma"/>
    <property name="path.separator" value=";"/>
    <property name="os.version" value="10.0"/>
    <property name="java.endorsed.dirs" value="C:\Program Files\Java\jdk1.8.0_281\jre\lib\endorsed"/>
    <property name="java.runtime.name" value="Java(TM) SE Runtime Environment"/>
    <property name="file.encoding" value="Cp1252"/>
    <property name="java.vm.name" value="Java HotSpot(TM) 64-Bit Server VM"/>
    <property name="localRepository" value="C:\Users\danma\.m2\repository"/>
    <property name="java.vendor.url.bug" value="http://bugreport.sun.com/bugreport/"/>
    <property name="java.io.tmpdir" value="C:\Users\danma\AppData\Local\Temp\"/>
    <property name="java.version" value="1.8.0_281"/>
    <property name="user.dir" value="C:\Users\danma\IdeaProjects\TrelloMaven\TrelloMaven"/>
    <property name="os.arch" value="amd64"/>
    <property name="java.vm.specification.name" value="Java Virtual Machine Specification"/>
    <property name="java.awt.printerjob" value="sun.awt.windows.WPrinterJob"/>
    <property name="sun.os.patch.level" value=""/>
    <property name="java.library.path" value="C:\Program Files\Java\jdk1.8.0_281\jre\bin;C:\WINDOWS\Sun\Java\bin;C:\WINDOWS\system32;C:\WINDOWS;C:\Program Files (x86)\Common Files\Oracle\Java\javapath;C:\Windows\system32;C:\Windows;C:\Windows\System32\Wbem;C:\Windows\System32\WindowsPowerShell\v1.0\;C:\Windows\System32\OpenSSH\;C:\Program Files (x86)\NVIDIA Corporation\PhysX\Common;C:\Program Files\NVIDIA Corporation\NVIDIA NvDLISR;C:\Program Files\Java\jdk1.8.0_281\bin;C:\Selenium;C:\WINDOWS\system32;C:\WINDOWS;C:\WINDOWS\System32\Wbem;C:\WINDOWS\System32\WindowsPowerShell\v1.0\;C:\WINDOWS\System32\OpenSSH\;C:\Program Files\Git\cmd;C:\Program Files\JetBrains\IntelliJ IDEA Community Edition 2020.1.4\plugins\maven\lib\maven3\bin;C:\Users\danma\AppData\Local\Microsoft\WindowsApps;;."/>
    <property name="java.vm.info" value="mixed mode"/>
    <property name="java.vendor" value="Oracle Corporation"/>
    <property name="java.vm.version" value="25.281-b09"/>
    <property name="java.ext.dirs" value="C:\Program Files\Java\jdk1.8.0_281\jre\lib\ext;C:\WINDOWS\Sun\Java\lib\ext"/>
    <property name="sun.io.unicode.encoding" value="UnicodeLittle"/>
    <property name="java.class.version" value="52.0"/>
  </properties>
  <testcase name="loginNegative" classname="org.example.tests.LoginTests" time="21.79">
    <failure message="Different error message did not expect to find [true] but found [false]" type="java.lang.AssertionError">java.lang.AssertionError: Different error message did not expect to find [true] but found [false]
	at org.example.tests.LoginTests.loginNegative(LoginTests.java:160)
</failure>
    <system-out><![CDATA[...
... TestNG 7.0.0 by CÃ©dric Beust (cedric@beust.com)
...

2021-04-30 11:15:20 INFO  LogLog4j:40 - -=-=-=-=-=-=-=-=-=-=-=-=-=-=-=-
2021-04-30 11:15:20 INFO  LogLog4j:40 - Find element: By.xpath: //a[contains(text(),'Log in')]
2021-04-30 11:15:20 INFO  LogLog4j:40 - By.xpath: //a[contains(text(),'Log in')] element was found!
2021-04-30 11:15:20 INFO  LogLog4j:40 - -=-=-=-=-=-=-=-=-=-=-=-=-=-=-=-
2021-04-30 11:15:20 INFO  LogLog4j:40 - 
2021-04-30 11:15:20 INFO  LogLog4j:40 - -=-=-=-=-=-=-=-=-=-=-=-=-=-=-=-
2021-04-30 11:15:20 INFO  LogLog4j:40 - Find element: By.xpath: //a[contains(text(),'Log in')]
2021-04-30 11:15:20 INFO  LogLog4j:40 - By.xpath: //a[contains(text(),'Log in')] element was found!
2021-04-30 11:15:20 INFO  LogLog4j:40 - -=-=-=-=-=-=-=-=-=-=-=-=-=-=-=-
2021-04-30 11:15:20 INFO  LogLog4j:40 - 
2021-04-30 11:15:20 INFO  LogLog4j:40 - -=-=-=-=-=-=-=-=-=-=-=-=-=-=-=-
2021-04-30 11:15:20 INFO  LogLog4j:40 - Find element: By.xpath: //a[contains(text(),'Log in')]
2021-04-30 11:15:20 INFO  LogLog4j:40 - By.xpath: //a[contains(text(),'Log in')] element was found!
2021-04-30 11:15:20 INFO  LogLog4j:40 - -=-=-=-=-=-=-=-=-=-=-=-=-=-=-=-
2021-04-30 11:15:20 INFO  LogLog4j:40 - 
2021-04-30 11:15:20 INFO  LogLog4j:40 - -=-=-=-=-=-=-=-=-=-=-=-=-=-=-=-
2021-04-30 11:15:20 INFO  LogLog4j:40 - Find element: By.id: user
2021-04-30 11:15:22 INFO  LogLog4j:40 - By.id: user element was found!
2021-04-30 11:15:22 INFO  LogLog4j:40 - -=-=-=-=-=-=-=-=-=-=-=-=-=-=-=-
2021-04-30 11:15:22 INFO  LogLog4j:40 - 
2021-04-30 11:15:22 INFO  LogLog4j:40 - -=-=-=-=-=-=-=-=-=-=-=-=-=-=-=-
2021-04-30 11:15:22 INFO  LogLog4j:40 - Find element: By.id: user
2021-04-30 11:15:22 INFO  LogLog4j:40 - By.id: user element was found!
2021-04-30 11:15:22 INFO  LogLog4j:40 - -=-=-=-=-=-=-=-=-=-=-=-=-=-=-=-
2021-04-30 11:15:22 INFO  LogLog4j:40 - 
2021-04-30 11:15:22 INFO  LogLog4j:40 - -=-=-=-=-=-=-=-=-=-=-=-=-=-=-=-
2021-04-30 11:15:22 INFO  LogLog4j:40 - Find element: By.id: login
2021-04-30 11:15:22 INFO  LogLog4j:40 - By.id: login element was found!
2021-04-30 11:15:22 INFO  LogLog4j:40 - -=-=-=-=-=-=-=-=-=-=-=-=-=-=-=-
2021-04-30 11:15:22 INFO  LogLog4j:40 - 
2021-04-30 11:15:22 INFO  LogLog4j:40 - -=-=-=-=-=-=-=-=-=-=-=-=-=-=-=-
2021-04-30 11:15:22 INFO  LogLog4j:40 - Find element: By.id: login
2021-04-30 11:15:22 INFO  LogLog4j:40 - By.id: login element was found!
2021-04-30 11:15:22 INFO  LogLog4j:40 - -=-=-=-=-=-=-=-=-=-=-=-=-=-=-=-
2021-04-30 11:15:22 INFO  LogLog4j:40 - 
2021-04-30 11:15:22 INFO  LogLog4j:16 - 
2021-04-30 11:15:22 INFO  LogLog4j:17 - *******************************************************************
2021-04-30 11:15:22 INFO  LogLog4j:18 -              Start Test Case: loginNegative
2021-04-30 11:15:22 INFO  LogLog4j:19 - *******************************************************************
2021-04-30 11:15:22 INFO  LogLog4j:20 - 
2021-04-30 11:15:22 INFO  LogLog4j:40 -        Parameter login: ymJ
2021-04-30 11:15:22 INFO  LogLog4j:40 -        Parameter password: djScz
2021-04-30 11:15:22 INFO  LogLog4j:40 - [ METHOD:  'enterLoginPassNotAttl'  IS  STARTED ]
2021-04-30 11:15:22 INFO  LogLog4j:40 - [ METHOD:  'enterLoginNotAttl'  IS  STARTED ]
2021-04-30 11:15:22 INFO  LogLog4j:40 - -=-=-=-=-=-=-=-=-=-=-=-=-=-=-=-
2021-04-30 11:15:22 INFO  LogLog4j:40 - Find element: By.id: user
2021-04-30 11:15:22 INFO  LogLog4j:40 - By.id: user element was found!
2021-04-30 11:15:22 INFO  LogLog4j:40 - -=-=-=-=-=-=-=-=-=-=-=-=-=-=-=-
2021-04-30 11:15:22 INFO  LogLog4j:40 - 
2021-04-30 11:15:22 INFO  LogLog4j:40 - -=-=-=-=-=-=-=-=-=-=-=-=-=-=-=-
2021-04-30 11:15:22 INFO  LogLog4j:40 - Find element: By.id: user
2021-04-30 11:15:22 INFO  LogLog4j:40 - By.id: user element was found!
2021-04-30 11:15:22 INFO  LogLog4j:40 - -=-=-=-=-=-=-=-=-=-=-=-=-=-=-=-
2021-04-30 11:15:22 INFO  LogLog4j:40 - 
2021-04-30 11:15:22 INFO  LogLog4j:40 - -=-=-=-=-=-=-=-=-=-=-=-=-=-=-=-
2021-04-30 11:15:22 INFO  LogLog4j:40 - Find element: By.id: user
2021-04-30 11:15:22 INFO  LogLog4j:40 - By.id: user element was found!
2021-04-30 11:15:22 INFO  LogLog4j:40 - -=-=-=-=-=-=-=-=-=-=-=-=-=-=-=-
2021-04-30 11:15:22 INFO  LogLog4j:40 - 
2021-04-30 11:15:22 INFO  LogLog4j:40 - ------- Login value /ymJ/ was entered
2021-04-30 11:15:22 INFO  LogLog4j:40 - 
2021-04-30 11:15:22 INFO  LogLog4j:40 - ------- Login value /ymJ/ was entered
2021-04-30 11:15:22 INFO  LogLog4j:40 - [ METHOD:  'enterPasswordNotAttl'  IS  STARTED ]
2021-04-30 11:15:22 INFO  LogLog4j:40 - -=-=-=-=-=-=-=-=-=-=-=-=-=-=-=-
2021-04-30 11:15:22 INFO  LogLog4j:40 - Find element: By.id: password
2021-04-30 11:15:22 INFO  LogLog4j:40 - By.id: password element was found!
2021-04-30 11:15:22 INFO  LogLog4j:40 - -=-=-=-=-=-=-=-=-=-=-=-=-=-=-=-
2021-04-30 11:15:22 INFO  LogLog4j:40 - 
2021-04-30 11:15:22 INFO  LogLog4j:40 - -=-=-=-=-=-=-=-=-=-=-=-=-=-=-=-
2021-04-30 11:15:22 INFO  LogLog4j:40 - Find element: By.id: password
2021-04-30 11:15:22 INFO  LogLog4j:40 - By.id: password element was found!
2021-04-30 11:15:22 INFO  LogLog4j:40 - -=-=-=-=-=-=-=-=-=-=-=-=-=-=-=-
2021-04-30 11:15:22 INFO  LogLog4j:40 - 
2021-04-30 11:15:22 INFO  LogLog4j:40 - -=-=-=-=-=-=-=-=-=-=-=-=-=-=-=-
2021-04-30 11:15:22 INFO  LogLog4j:40 - Find element: By.id: password
2021-04-30 11:15:22 INFO  LogLog4j:40 - By.id: password element was found!
2021-04-30 11:15:22 INFO  LogLog4j:40 - -=-=-=-=-=-=-=-=-=-=-=-=-=-=-=-
2021-04-30 11:15:22 INFO  LogLog4j:40 - 
2021-04-30 11:15:22 INFO  LogLog4j:40 - -=-=-=-=-=-=-=-=-=-=-=-=-=-=-=-
2021-04-30 11:15:22 INFO  LogLog4j:40 - Find element: By.id: password
2021-04-30 11:15:22 INFO  LogLog4j:40 - By.id: password element was found!
2021-04-30 11:15:22 INFO  LogLog4j:40 - -=-=-=-=-=-=-=-=-=-=-=-=-=-=-=-
2021-04-30 11:15:22 INFO  LogLog4j:40 - 
2021-04-30 11:15:22 INFO  LogLog4j:40 - -=-=-=-=-=-=-=-=-=-=-=-=-=-=-=-
2021-04-30 11:15:22 INFO  LogLog4j:40 - Find element: By.id: password
2021-04-30 11:15:22 INFO  LogLog4j:40 - By.id: password element was found!
2021-04-30 11:15:22 INFO  LogLog4j:40 - -=-=-=-=-=-=-=-=-=-=-=-=-=-=-=-
2021-04-30 11:15:22 INFO  LogLog4j:40 - 
2021-04-30 11:15:22 INFO  LogLog4j:40 - ------- Password value /djScz/ was entered
2021-04-30 11:15:22 INFO  LogLog4j:40 - 
2021-04-30 11:15:23 INFO  LogLog4j:40 - ------- Password value /djScz/ was entered
2021-04-30 11:15:23 INFO  LogLog4j:40 - [ METHOD:  'clickLoginInButtonNotAttl'  IS  STARTED ]
2021-04-30 11:15:23 INFO  LogLog4j:40 - -=-=-=-=-=-=-=-=-=-=-=-=-=-=-=-
2021-04-30 11:15:23 INFO  LogLog4j:40 - Find element: By.id: login
2021-04-30 11:15:23 INFO  LogLog4j:40 - By.id: login element was found!
2021-04-30 11:15:23 INFO  LogLog4j:40 - -=-=-=-=-=-=-=-=-=-=-=-=-=-=-=-
2021-04-30 11:15:23 INFO  LogLog4j:40 - 
2021-04-30 11:15:23 INFO  LogLog4j:40 - -=-=-=-=-=-=-=-=-=-=-=-=-=-=-=-
2021-04-30 11:15:23 INFO  LogLog4j:40 - Find element: By.id: login
2021-04-30 11:15:23 INFO  LogLog4j:40 - By.id: login element was found!
2021-04-30 11:15:23 INFO  LogLog4j:40 - -=-=-=-=-=-=-=-=-=-=-=-=-=-=-=-
2021-04-30 11:15:23 INFO  LogLog4j:40 - 
2021-04-30 11:15:23 INFO  LogLog4j:40 - -=-=-=-=-=-=-=-=-=-=-=-=-=-=-=-
2021-04-30 11:15:23 INFO  LogLog4j:40 - Find element: By.id: login
2021-04-30 11:15:23 INFO  LogLog4j:40 - By.id: login element was found!
2021-04-30 11:15:23 INFO  LogLog4j:40 - -=-=-=-=-=-=-=-=-=-=-=-=-=-=-=-
2021-04-30 11:15:23 INFO  LogLog4j:40 - 
2021-04-30 11:15:23 INFO  LogLog4j:40 - ------> Click on LOGIN button (not Attl.)
2021-04-30 11:15:23 INFO  LogLog4j:40 - 
2021-04-30 11:15:23 INFO  LogLog4j:40 - ------> Click on LOGIN button (not Attl.)
2021-04-30 11:15:23 INFO  LogLog4j:40 - 
2021-04-30 11:15:23 INFO  LogLog4j:40 - Not attl. Login: ( ymJ ) and Password: ( djScz ) was entered
2021-04-30 11:15:23 INFO  LogLog4j:40 - [ METHOD:  'clickLoginInButtonNotAttl'  IS  STARTED ]
2021-04-30 11:15:23 INFO  LogLog4j:40 - -=-=-=-=-=-=-=-=-=-=-=-=-=-=-=-
2021-04-30 11:15:23 INFO  LogLog4j:40 - Find element: By.cssSelector: #error >.error-message
2021-04-30 11:15:23 INFO  LogLog4j:40 - By.cssSelector: #error >.error-message element was found!
2021-04-30 11:15:23 INFO  LogLog4j:40 - -=-=-=-=-=-=-=-=-=-=-=-=-=-=-=-
2021-04-30 11:15:23 INFO  LogLog4j:40 - 
2021-04-30 11:15:24 INFO  LogLog4j:40 - -=-=-=-=-=-=-=-=-=-=-=-=-=-=-=-
2021-04-30 11:15:24 INFO  LogLog4j:40 - Find element: By.cssSelector: #error >.error-message
2021-04-30 11:15:24 INFO  LogLog4j:40 - By.cssSelector: #error >.error-message element was found!
2021-04-30 11:15:24 INFO  LogLog4j:40 - -=-=-=-=-=-=-=-=-=-=-=-=-=-=-=-
2021-04-30 11:15:24 INFO  LogLog4j:40 - 
2021-04-30 11:15:24 INFO  LogLog4j:40 - -=-=-=-=-=-=-=-=-=-=-=-=-=-=-=-
2021-04-30 11:15:24 INFO  LogLog4j:40 - Find element: By.cssSelector: #error >.error-message
2021-04-30 11:15:24 INFO  LogLog4j:40 - By.cssSelector: #error >.error-message element was found!
2021-04-30 11:15:24 INFO  LogLog4j:40 - -=-=-=-=-=-=-=-=-=-=-=-=-=-=-=-
2021-04-30 11:15:24 INFO  LogLog4j:40 - 
2021-04-30 11:15:25 INFO  LogLog4j:40 - -=-=-=-=-=-=-=-=-=-=-=-=-=-=-=-
2021-04-30 11:15:25 INFO  LogLog4j:40 - Find element: By.cssSelector: #error >.error-message
2021-04-30 11:15:25 INFO  LogLog4j:40 - By.cssSelector: #error >.error-message element was found!
2021-04-30 11:15:25 INFO  LogLog4j:40 - -=-=-=-=-=-=-=-=-=-=-=-=-=-=-=-
2021-04-30 11:15:25 INFO  LogLog4j:40 - 
2021-04-30 11:15:26 INFO  LogLog4j:40 - -=-=-=-=-=-=-=-=-=-=-=-=-=-=-=-
2021-04-30 11:15:26 INFO  LogLog4j:40 - Find element: By.cssSelector: #error >.error-message
2021-04-30 11:15:26 INFO  LogLog4j:40 - By.cssSelector: #error >.error-message element was found!
2021-04-30 11:15:26 INFO  LogLog4j:40 - -=-=-=-=-=-=-=-=-=-=-=-=-=-=-=-
2021-04-30 11:15:26 INFO  LogLog4j:40 - 
2021-04-30 11:15:26 INFO  LogLog4j:40 - -=-=-=-=-=-=-=-=-=-=-=-=-=-=-=-
2021-04-30 11:15:26 INFO  LogLog4j:40 - Find element: By.cssSelector: #error >.error-message
2021-04-30 11:15:26 INFO  LogLog4j:40 - By.cssSelector: #error >.error-message element was found!
2021-04-30 11:15:26 INFO  LogLog4j:40 - -=-=-=-=-=-=-=-=-=-=-=-=-=-=-=-
2021-04-30 11:15:26 INFO  LogLog4j:40 - 
2021-04-30 11:15:27 INFO  LogLog4j:40 - -=-=-=-=-=-=-=-=-=-=-=-=-=-=-=-
2021-04-30 11:15:27 INFO  LogLog4j:40 - Find element: By.cssSelector: #error >.error-message
2021-04-30 11:15:27 INFO  LogLog4j:40 - By.cssSelector: #error >.error-message element was found!
2021-04-30 11:15:27 INFO  LogLog4j:40 - -=-=-=-=-=-=-=-=-=-=-=-=-=-=-=-
2021-04-30 11:15:27 INFO  LogLog4j:40 - 
2021-04-30 11:15:27 INFO  LogLog4j:40 - -=-=-=-=-=-=-=-=-=-=-=-=-=-=-=-
2021-04-30 11:15:27 INFO  LogLog4j:40 - Find element: By.cssSelector: #error >.error-message
2021-04-30 11:15:27 INFO  LogLog4j:40 - By.cssSelector: #error >.error-message element was found!
2021-04-30 11:15:27 INFO  LogLog4j:40 - -=-=-=-=-=-=-=-=-=-=-=-=-=-=-=-
2021-04-30 11:15:27 INFO  LogLog4j:40 - 
2021-04-30 11:15:28 INFO  LogLog4j:40 - -=-=-=-=-=-=-=-=-=-=-=-=-=-=-=-
2021-04-30 11:15:28 INFO  LogLog4j:40 - Find element: By.cssSelector: #error >.error-message
2021-04-30 11:15:28 INFO  LogLog4j:40 - By.cssSelector: #error >.error-message element was found!
2021-04-30 11:15:28 INFO  LogLog4j:40 - -=-=-=-=-=-=-=-=-=-=-=-=-=-=-=-
2021-04-30 11:15:28 INFO  LogLog4j:40 - 
2021-04-30 11:15:28 INFO  LogLog4j:40 - -=-=-=-=-=-=-=-=-=-=-=-=-=-=-=-
2021-04-30 11:15:28 INFO  LogLog4j:40 - Find element: By.cssSelector: #error >.error-message
2021-04-30 11:15:28 INFO  LogLog4j:40 - By.cssSelector: #error >.error-message element was found!
2021-04-30 11:15:28 INFO  LogLog4j:40 - -=-=-=-=-=-=-=-=-=-=-=-=-=-=-=-
2021-04-30 11:15:28 INFO  LogLog4j:40 - 
2021-04-30 11:15:29 INFO  LogLog4j:40 - -=-=-=-=-=-=-=-=-=-=-=-=-=-=-=-
2021-04-30 11:15:29 INFO  LogLog4j:40 - Find element: By.cssSelector: #error >.error-message
2021-04-30 11:15:29 INFO  LogLog4j:40 - By.cssSelector: #error >.error-message element was found!
2021-04-30 11:15:29 INFO  LogLog4j:40 - -=-=-=-=-=-=-=-=-=-=-=-=-=-=-=-
2021-04-30 11:15:29 INFO  LogLog4j:40 - 
2021-04-30 11:15:29 INFO  LogLog4j:40 - -=-=-=-=-=-=-=-=-=-=-=-=-=-=-=-
2021-04-30 11:15:29 INFO  LogLog4j:40 - Find element: By.cssSelector: #error >.error-message
2021-04-30 11:15:29 INFO  LogLog4j:40 - By.cssSelector: #error >.error-message element was found!
2021-04-30 11:15:29 INFO  LogLog4j:40 - -=-=-=-=-=-=-=-=-=-=-=-=-=-=-=-
2021-04-30 11:15:29 INFO  LogLog4j:40 - 
2021-04-30 11:15:30 INFO  LogLog4j:40 - -=-=-=-=-=-=-=-=-=-=-=-=-=-=-=-
2021-04-30 11:15:30 INFO  LogLog4j:40 - Find element: By.cssSelector: #error >.error-message
2021-04-30 11:15:30 INFO  LogLog4j:40 - By.cssSelector: #error >.error-message element was found!
2021-04-30 11:15:30 INFO  LogLog4j:40 - -=-=-=-=-=-=-=-=-=-=-=-=-=-=-=-
2021-04-30 11:15:30 INFO  LogLog4j:40 - 
2021-04-30 11:15:30 INFO  LogLog4j:40 - -=-=-=-=-=-=-=-=-=-=-=-=-=-=-=-
2021-04-30 11:15:30 INFO  LogLog4j:40 - Find element: By.cssSelector: #error >.error-message
2021-04-30 11:15:30 INFO  LogLog4j:40 - By.cssSelector: #error >.error-message element was found!
2021-04-30 11:15:30 INFO  LogLog4j:40 - -=-=-=-=-=-=-=-=-=-=-=-=-=-=-=-
2021-04-30 11:15:30 INFO  LogLog4j:40 - 
2021-04-30 11:15:31 INFO  LogLog4j:40 - -=-=-=-=-=-=-=-=-=-=-=-=-=-=-=-
2021-04-30 11:15:31 INFO  LogLog4j:40 - Find element: By.cssSelector: #error >.error-message
2021-04-30 11:15:31 INFO  LogLog4j:40 - By.cssSelector: #error >.error-message element was found!
2021-04-30 11:15:31 INFO  LogLog4j:40 - -=-=-=-=-=-=-=-=-=-=-=-=-=-=-=-
2021-04-30 11:15:31 INFO  LogLog4j:40 - 
2021-04-30 11:15:32 INFO  LogLog4j:40 - -=-=-=-=-=-=-=-=-=-=-=-=-=-=-=-
2021-04-30 11:15:32 INFO  LogLog4j:40 - Find element: By.cssSelector: #error >.error-message
2021-04-30 11:15:32 INFO  LogLog4j:40 - By.cssSelector: #error >.error-message element was found!
2021-04-30 11:15:32 INFO  LogLog4j:40 - -=-=-=-=-=-=-=-=-=-=-=-=-=-=-=-
2021-04-30 11:15:32 INFO  LogLog4j:40 - 
2021-04-30 11:15:32 INFO  LogLog4j:40 - -=-=-=-=-=-=-=-=-=-=-=-=-=-=-=-
2021-04-30 11:15:32 INFO  LogLog4j:40 - Find element: By.cssSelector: #error >.error-message
2021-04-30 11:15:32 INFO  LogLog4j:40 - By.cssSelector: #error >.error-message element was found!
2021-04-30 11:15:32 INFO  LogLog4j:40 - -=-=-=-=-=-=-=-=-=-=-=-=-=-=-=-
2021-04-30 11:15:32 INFO  LogLog4j:40 - 
2021-04-30 11:15:33 INFO  LogLog4j:40 - -=-=-=-=-=-=-=-=-=-=-=-=-=-=-=-
2021-04-30 11:15:33 INFO  LogLog4j:40 - Find element: By.cssSelector: #error >.error-message
2021-04-30 11:15:33 INFO  LogLog4j:40 - By.cssSelector: #error >.error-message element was found!
2021-04-30 11:15:33 INFO  LogLog4j:40 - -=-=-=-=-=-=-=-=-=-=-=-=-=-=-=-
2021-04-30 11:15:33 INFO  LogLog4j:40 - 
2021-04-30 11:15:33 INFO  LogLog4j:40 - -=-=-=-=-=-=-=-=-=-=-=-=-=-=-=-
2021-04-30 11:15:33 INFO  LogLog4j:40 - Find element: By.cssSelector: #error >.error-message
2021-04-30 11:15:33 INFO  LogLog4j:40 - By.cssSelector: #error >.error-message element was found!
2021-04-30 11:15:33 INFO  LogLog4j:40 - -=-=-=-=-=-=-=-=-=-=-=-=-=-=-=-
2021-04-30 11:15:33 INFO  LogLog4j:40 - 
2021-04-30 11:15:34 INFO  LogLog4j:40 - -=-=-=-=-=-=-=-=-=-=-=-=-=-=-=-
2021-04-30 11:15:34 INFO  LogLog4j:40 - Find element: By.cssSelector: #error >.error-message
2021-04-30 11:15:34 INFO  LogLog4j:40 - By.cssSelector: #error >.error-message element was found!
2021-04-30 11:15:34 INFO  LogLog4j:40 - -=-=-=-=-=-=-=-=-=-=-=-=-=-=-=-
2021-04-30 11:15:34 INFO  LogLog4j:40 - 
2021-04-30 11:15:34 INFO  LogLog4j:40 - -=-=-=-=-=-=-=-=-=-=-=-=-=-=-=-
2021-04-30 11:15:34 INFO  LogLog4j:40 - Find element: By.cssSelector: #error >.error-message
2021-04-30 11:15:34 INFO  LogLog4j:40 - By.cssSelector: #error >.error-message element was found!
2021-04-30 11:15:34 INFO  LogLog4j:40 - -=-=-=-=-=-=-=-=-=-=-=-=-=-=-=-
2021-04-30 11:15:34 INFO  LogLog4j:40 - 
2021-04-30 11:15:35 INFO  LogLog4j:40 - -=-=-=-=-=-=-=-=-=-=-=-=-=-=-=-
2021-04-30 11:15:35 INFO  LogLog4j:40 - Find element: By.cssSelector: #error >.error-message
2021-04-30 11:15:35 INFO  LogLog4j:40 - By.cssSelector: #error >.error-message element was found!
2021-04-30 11:15:35 INFO  LogLog4j:40 - -=-=-=-=-=-=-=-=-=-=-=-=-=-=-=-
2021-04-30 11:15:35 INFO  LogLog4j:40 - 
2021-04-30 11:15:35 INFO  LogLog4j:40 - -=-=-=-=-=-=-=-=-=-=-=-=-=-=-=-
2021-04-30 11:15:35 INFO  LogLog4j:40 - Find element: By.cssSelector: #error >.error-message
2021-04-30 11:15:35 INFO  LogLog4j:40 - By.cssSelector: #error >.error-message element was found!
2021-04-30 11:15:35 INFO  LogLog4j:40 - -=-=-=-=-=-=-=-=-=-=-=-=-=-=-=-
2021-04-30 11:15:35 INFO  LogLog4j:40 - 
2021-04-30 11:15:36 INFO  LogLog4j:40 - -=-=-=-=-=-=-=-=-=-=-=-=-=-=-=-
2021-04-30 11:15:36 INFO  LogLog4j:40 - Find element: By.cssSelector: #error >.error-message
2021-04-30 11:15:36 INFO  LogLog4j:40 - By.cssSelector: #error >.error-message element was found!
2021-04-30 11:15:36 INFO  LogLog4j:40 - -=-=-=-=-=-=-=-=-=-=-=-=-=-=-=-
2021-04-30 11:15:36 INFO  LogLog4j:40 - 
2021-04-30 11:15:36 INFO  LogLog4j:40 - -=-=-=-=-=-=-=-=-=-=-=-=-=-=-=-
2021-04-30 11:15:36 INFO  LogLog4j:40 - Find element: By.cssSelector: #error >.error-message
2021-04-30 11:15:36 INFO  LogLog4j:40 - By.cssSelector: #error >.error-message element was found!
2021-04-30 11:15:36 INFO  LogLog4j:40 - -=-=-=-=-=-=-=-=-=-=-=-=-=-=-=-
2021-04-30 11:15:36 INFO  LogLog4j:40 - 
2021-04-30 11:15:37 INFO  LogLog4j:40 - -=-=-=-=-=-=-=-=-=-=-=-=-=-=-=-
2021-04-30 11:15:37 INFO  LogLog4j:40 - Find element: By.cssSelector: #error >.error-message
2021-04-30 11:15:37 INFO  LogLog4j:40 - By.cssSelector: #error >.error-message element was found!
2021-04-30 11:15:37 INFO  LogLog4j:40 - -=-=-=-=-=-=-=-=-=-=-=-=-=-=-=-
2021-04-30 11:15:37 INFO  LogLog4j:40 - 
2021-04-30 11:15:37 INFO  LogLog4j:40 - -=-=-=-=-=-=-=-=-=-=-=-=-=-=-=-
2021-04-30 11:15:37 INFO  LogLog4j:40 - Find element: By.cssSelector: #error >.error-message
2021-04-30 11:15:38 INFO  LogLog4j:40 - By.cssSelector: #error >.error-message element was found!
2021-04-30 11:15:38 INFO  LogLog4j:40 - -=-=-=-=-=-=-=-=-=-=-=-=-=-=-=-
2021-04-30 11:15:38 INFO  LogLog4j:40 - 
2021-04-30 11:15:38 INFO  LogLog4j:40 - -=-=-=-=-=-=-=-=-=-=-=-=-=-=-=-
2021-04-30 11:15:38 INFO  LogLog4j:40 - Find element: By.cssSelector: #error >.error-message
2021-04-30 11:15:38 INFO  LogLog4j:40 - By.cssSelector: #error >.error-message element was found!
2021-04-30 11:15:38 INFO  LogLog4j:40 - -=-=-=-=-=-=-=-=-=-=-=-=-=-=-=-
2021-04-30 11:15:38 INFO  LogLog4j:40 - 
2021-04-30 11:15:39 INFO  LogLog4j:40 - -=-=-=-=-=-=-=-=-=-=-=-=-=-=-=-
2021-04-30 11:15:39 INFO  LogLog4j:40 - Find element: By.cssSelector: #error >.error-message
2021-04-30 11:15:39 INFO  LogLog4j:40 - By.cssSelector: #error >.error-message element was found!
2021-04-30 11:15:39 INFO  LogLog4j:40 - -=-=-=-=-=-=-=-=-=-=-=-=-=-=-=-
2021-04-30 11:15:39 INFO  LogLog4j:40 - 
2021-04-30 11:15:39 INFO  LogLog4j:40 - -=-=-=-=-=-=-=-=-=-=-=-=-=-=-=-
2021-04-30 11:15:39 INFO  LogLog4j:40 - Find element: By.cssSelector: #error >.error-message
2021-04-30 11:15:39 INFO  LogLog4j:40 - By.cssSelector: #error >.error-message element was found!
2021-04-30 11:15:39 INFO  LogLog4j:40 - -=-=-=-=-=-=-=-=-=-=-=-=-=-=-=-
2021-04-30 11:15:39 INFO  LogLog4j:40 - 
2021-04-30 11:15:40 INFO  LogLog4j:40 - -=-=-=-=-=-=-=-=-=-=-=-=-=-=-=-
2021-04-30 11:15:40 INFO  LogLog4j:40 - Find element: By.cssSelector: #error >.error-message
2021-04-30 11:15:40 INFO  LogLog4j:40 - By.cssSelector: #error >.error-message element was found!
2021-04-30 11:15:40 INFO  LogLog4j:40 - -=-=-=-=-=-=-=-=-=-=-=-=-=-=-=-
2021-04-30 11:15:40 INFO  LogLog4j:40 - 
2021-04-30 11:15:40 INFO  LogLog4j:40 - -=-=-=-=-=-=-=-=-=-=-=-=-=-=-=-
2021-04-30 11:15:40 INFO  LogLog4j:40 - Find element: By.cssSelector: #error >.error-message
2021-04-30 11:15:40 INFO  LogLog4j:40 - By.cssSelector: #error >.error-message element was found!
2021-04-30 11:15:40 INFO  LogLog4j:40 - -=-=-=-=-=-=-=-=-=-=-=-=-=-=-=-
2021-04-30 11:15:40 INFO  LogLog4j:40 - 
2021-04-30 11:15:41 INFO  LogLog4j:40 - -=-=-=-=-=-=-=-=-=-=-=-=-=-=-=-
2021-04-30 11:15:41 INFO  LogLog4j:40 - Find element: By.cssSelector: #error >.error-message
2021-04-30 11:15:41 INFO  LogLog4j:40 - By.cssSelector: #error >.error-message element was found!
2021-04-30 11:15:41 INFO  LogLog4j:40 - -=-=-=-=-=-=-=-=-=-=-=-=-=-=-=-
2021-04-30 11:15:41 INFO  LogLog4j:40 - 
2021-04-30 11:15:41 INFO  LogLog4j:40 - -=-=-=-=-=-=-=-=-=-=-=-=-=-=-=-
2021-04-30 11:15:41 INFO  LogLog4j:40 - Find element: By.cssSelector: #error >.error-message
2021-04-30 11:15:41 INFO  LogLog4j:40 - By.cssSelector: #error >.error-message element was found!
2021-04-30 11:15:41 INFO  LogLog4j:40 - -=-=-=-=-=-=-=-=-=-=-=-=-=-=-=-
2021-04-30 11:15:41 INFO  LogLog4j:40 - 
2021-04-30 11:15:42 INFO  LogLog4j:40 - -=-=-=-=-=-=-=-=-=-=-=-=-=-=-=-
2021-04-30 11:15:42 INFO  LogLog4j:40 - Find element: By.cssSelector: #error >.error-message
2021-04-30 11:15:42 INFO  LogLog4j:40 - By.cssSelector: #error >.error-message element was found!
2021-04-30 11:15:42 INFO  LogLog4j:40 - -=-=-=-=-=-=-=-=-=-=-=-=-=-=-=-
2021-04-30 11:15:42 INFO  LogLog4j:40 - 
2021-04-30 11:15:42 INFO  LogLog4j:40 - -=-=-=-=-=-=-=-=-=-=-=-=-=-=-=-
2021-04-30 11:15:42 INFO  LogLog4j:40 - Find element: By.cssSelector: #error >.error-message
2021-04-30 11:15:42 INFO  LogLog4j:40 - By.cssSelector: #error >.error-message element was found!
2021-04-30 11:15:42 INFO  LogLog4j:40 - -=-=-=-=-=-=-=-=-=-=-=-=-=-=-=-
2021-04-30 11:15:42 INFO  LogLog4j:40 - 
2021-04-30 11:15:43 INFO  LogLog4j:40 - -=-=-=-=-=-=-=-=-=-=-=-=-=-=-=-
2021-04-30 11:15:43 INFO  LogLog4j:40 - Find element: By.cssSelector: #error >.error-message
2021-04-30 11:15:43 INFO  LogLog4j:40 - By.cssSelector: #error >.error-message element was found!
2021-04-30 11:15:43 INFO  LogLog4j:40 - -=-=-=-=-=-=-=-=-=-=-=-=-=-=-=-
2021-04-30 11:15:43 INFO  LogLog4j:40 - 
2021-04-30 11:15:43 INFO  LogLog4j:40 - -=-=-=-=-=-=-=-=-=-=-=-=-=-=-=-
2021-04-30 11:15:43 INFO  LogLog4j:40 - Find element: By.cssSelector: #error >.error-message
2021-04-30 11:15:43 INFO  LogLog4j:40 - By.cssSelector: #error >.error-message element was found!
2021-04-30 11:15:43 INFO  LogLog4j:40 - -=-=-=-=-=-=-=-=-=-=-=-=-=-=-=-
2021-04-30 11:15:43 INFO  LogLog4j:40 - 
2021-04-30 11:15:43 INFO  LogLog4j:40 - -=-=-=-=-=-=-=-=-=-=-=-=-=-=-=-
2021-04-30 11:15:43 INFO  LogLog4j:40 - Find element: By.cssSelector: #error >.error-message
2021-04-30 11:15:43 INFO  LogLog4j:40 - By.cssSelector: #error >.error-message element was found!
2021-04-30 11:15:43 INFO  LogLog4j:40 - -=-=-=-=-=-=-=-=-=-=-=-=-=-=-=-
2021-04-30 11:15:43 INFO  LogLog4j:40 - 
2021-04-30 11:15:44 INFO  LogLog4j:40 - -=-=-=-=-=-=-=-=-=-=-=-=-=-=-=-
2021-04-30 11:15:44 INFO  LogLog4j:40 - Find element: By.cssSelector: #error >.error-message
2021-04-30 11:15:44 INFO  LogLog4j:40 - By.cssSelector: #error >.error-message element was found!
2021-04-30 11:15:44 INFO  LogLog4j:40 - -=-=-=-=-=-=-=-=-=-=-=-=-=-=-=-
2021-04-30 11:15:44 INFO  LogLog4j:40 - 
2021-04-30 11:15:44 ERROR LogLog4j:58 -  (!) Error: -!-!-!-!- Error message of the method 'getErrorNotAttlMessage' - 
2021-04-30 11:15:44 INFO  LogLog4j:40 - 
2021-04-30 11:15:44 INFO  LogLog4j:40 - -=-=-=-=-=-=-=-=-=-=-=-=-=-=-=-
2021-04-30 11:15:44 INFO  LogLog4j:40 - Find element: By.cssSelector: #error >.error-message
2021-04-30 11:15:44 INFO  LogLog4j:40 - By.cssSelector: #error >.error-message element was found!
2021-04-30 11:15:44 INFO  LogLog4j:40 - -=-=-=-=-=-=-=-=-=-=-=-=-=-=-=-
2021-04-30 11:15:44 INFO  LogLog4j:40 - 
]]></system-out>
    <system-err><![CDATA[Starting ChromeDriver 88.0.4324.96 (68dba2d8a0b149a1d3afac56fa74648032bcf46b-refs/branch-heads/4324@{#1784}) on port 21506
Only local connections are allowed.
Please see https://chromedriver.chromium.org/security-considerations for suggestions on keeping ChromeDriver safe.
ChromeDriver was started successfully.
Apr 30, 2021 11:15:16 AM org.openqa.selenium.remote.ProtocolHandshake createSession
INFO: Detected dialect: W3C
org.openqa.selenium.TimeoutException: Expected condition failed: waiting for visibility of [[ChromeDriver: chrome on WINDOWS (f39795d8258288880271637e17c4ba2b)] -> css selector: #error >.error-message] (tried for 20 second(s) with 500 milliseconds interval)
Build info: version: '3.141.59', revision: 'e82be7d358', time: '2018-11-14T08:17:03'
System info: host: 'LAPTOP-6KPONN4H', ip: '192.168.1.31', os.name: 'Windows 10', os.arch: 'amd64', os.version: '10.0', java.version: '1.8.0_281'
Driver info: org.openqa.selenium.support.events.EventFiringWebDriver
Capabilities {acceptInsecureCerts: false, browserName: chrome, browserVersion: 88.0.4324.150, chrome: {chromedriverVersion: 88.0.4324.96 (68dba2d8a0b14..., userDataDir: C:\Users\danma\AppData\Loca...}, goog:chromeOptions: {debuggerAddress: localhost:56147}, javascriptEnabled: true, networkConnectionEnabled: false, pageLoadStrategy: normal, platform: WINDOWS, platformName: WINDOWS, proxy: Proxy(), setWindowRect: true, strictFileInteractability: false, timeouts: {implicit: 0, pageLoad: 300000, script: 30000}, unhandledPromptBehavior: dismiss and notify, webauthn:extension:largeBlob: true, webauthn:virtualAuthenticators: true}
Session ID: f39795d8258288880271637e17c4ba2b
	at org.openqa.selenium.support.ui.WebDriverWait.timeoutException(WebDriverWait.java:95)
	at org.openqa.selenium.support.ui.FluentWait.until(FluentWait.java:272)
	at org.example.pages.PageBase.waitUntilElementIsVisible(PageBase.java:83)
	at org.example.pages.LoginPageHelper.getErrorNotAttlMessage(LoginPageHelper.java:105)
	at org.example.tests.LoginTests.loginNegative(LoginTests.java:160)
	at sun.reflect.NativeMethodAccessorImpl.invoke0(Native Method)
	at sun.reflect.NativeMethodAccessorImpl.invoke(NativeMethodAccessorImpl.java:62)
	at sun.reflect.DelegatingMethodAccessorImpl.invoke(DelegatingMethodAccessorImpl.java:43)
	at java.lang.reflect.Method.invoke(Method.java:498)
	at org.testng.internal.MethodInvocationHelper.invokeMethod(MethodInvocationHelper.java:133)
	at org.testng.internal.TestInvoker.invokeMethod(TestInvoker.java:584)
	at org.testng.internal.TestInvoker.invokeTestMethod(TestInvoker.java:172)
	at org.testng.internal.MethodRunner.runInSequence(MethodRunner.java:46)
	at org.testng.internal.TestInvoker$MethodInvocationAgent.invoke(TestInvoker.java:804)
	at org.testng.internal.TestInvoker.invokeTestMethods(TestInvoker.java:145)
	at org.testng.internal.TestMethodWorker.invokeTestMethods(TestMethodWorker.java:146)
	at org.testng.internal.TestMethodWorker.run(TestMethodWorker.java:128)
	at java.util.ArrayList.forEach(ArrayList.java:1259)
	at org.testng.TestRunner.privateRun(TestRunner.java:770)
	at org.testng.TestRunner.run(TestRunner.java:591)
	at org.testng.SuiteRunner.runTest(SuiteRunner.java:402)
	at org.testng.SuiteRunner.runSequentially(SuiteRunner.java:396)
	at org.testng.SuiteRunner.privateRun(SuiteRunner.java:355)
	at org.testng.SuiteRunner.run(SuiteRunner.java:304)
	at org.testng.SuiteRunnerWorker.runSuite(SuiteRunnerWorker.java:53)
	at org.testng.SuiteRunnerWorker.run(SuiteRunnerWorker.java:96)
	at org.testng.TestNG.runSuitesSequentially(TestNG.java:1180)
	at org.testng.TestNG.runSuitesLocally(TestNG.java:1102)
	at org.testng.TestNG.runSuites(TestNG.java:1032)
	at org.testng.TestNG.run(TestNG.java:1000)
	at org.apache.maven.surefire.testng.TestNGExecutor.run(TestNGExecutor.java:283)
	at org.apache.maven.surefire.testng.TestNGXmlTestSuite.execute(TestNGXmlTestSuite.java:75)
	at org.apache.maven.surefire.testng.TestNGProvider.invoke(TestNGProvider.java:120)
	at org.apache.maven.surefire.booter.ForkedBooter.invokeProviderInSameClassLoader(ForkedBooter.java:384)
	at org.apache.maven.surefire.booter.ForkedBooter.runSuitesInProcess(ForkedBooter.java:345)
	at org.apache.maven.surefire.booter.ForkedBooter.execute(ForkedBooter.java:126)
	at org.apache.maven.surefire.booter.ForkedBooter.main(ForkedBooter.java:418)
]]></system-err>
  </testcase>
  <testcase name="loginNegative" classname="org.example.tests.LoginTests" time="2.167"/>
  <testcase name="loginNegative" classname="org.example.tests.LoginTests" time="2.206"/>
</testsuite>