<?xml version="1.0" encoding="UTF-8"?>
<!-- Generated by org.testng.reporters.JUnitReportReporter -->
<testsuite skipped="0" hostname="LAPTOP-6KPONN4H" name="org.example.tests.HomePageTests" tests="1" failures="0" timestamp="2021-04-27T20:10:57 IDT" time="6.170" errors="0">
  <testcase name="applicationTest" time="6.170" classname="org.example.tests.HomePageTests"/>
</testsuite> <!-- org.example.tests.HomePageTests -->
