<?xml version="1.0" encoding="UTF-8"?>
<!-- Generated by org.testng.reporters.JUnitReportReporter -->
<testsuite skipped="0" hostname="LAPTOP-6KPONN4H" name="org.example.tests.MemberMenuTests" tests="2" failures="0" timestamp="2021-04-27T18:49:49 IDT" time="45.156" errors="0">
  <testcase name="comparisonOfUsernames" time="22.769" classname="org.example.tests.MemberMenuTests"/>
  <testcase name="memberMenuFindEmail" time="22.387" classname="org.example.tests.MemberMenuTests"/>
</testsuite> <!-- org.example.tests.MemberMenuTests -->
