<?xml version="1.0" encoding="UTF-8"?>
<!-- Generated by org.testng.reporters.JUnitReportReporter -->
<testsuite skipped="0" hostname="LAPTOP-6KPONN4H" name="org.example.tests.ActivityTests" tests="1" failures="0" timestamp="2021-04-27T18:49:49 IDT" time="34.077" errors="0">
  <testcase name="newCardInActivity" time="34.077" classname="org.example.tests.ActivityTests"/>
</testsuite> <!-- org.example.tests.ActivityTests -->
