<?xml version="1.0" encoding="UTF-8"?>
<!-- Generated by org.testng.reporters.JUnitReportReporter -->
<testsuite skipped="0" hostname="LAPTOP-6KPONN4H" name="org.example.tests.CurrentBoardTests" tests="4" failures="0" timestamp="2021-04-27T20:16:58 IDT" time="94.034" errors="0">
  <testcase name="createNewList" time="23.326" classname="org.example.tests.CurrentBoardTests"/>
  <testcase name="createNewList" time="23.276" classname="org.example.tests.CurrentBoardTests"/>
  <testcase name="deleteLastList" time="24.011" classname="org.example.tests.CurrentBoardTests"/>
  <testcase name="createNewList" time="23.421" classname="org.example.tests.CurrentBoardTests"/>
</testsuite> <!-- org.example.tests.CurrentBoardTests -->
