<?xml version="1.0" encoding="UTF-8"?>
<!-- Generated by org.testng.reporters.JUnitReportReporter -->
<testsuite skipped="0" hostname="LAPTOP-6KPONN4H" name="org.example.tests.HelpPageTests" tests="1" failures="0" timestamp="2021-04-27T18:40:25 IDT" time="26.048" errors="0">
  <testcase name="memberMenuHelpPanel" time="26.048" classname="org.example.tests.HelpPageTests"/>
</testsuite> <!-- org.example.tests.HelpPageTests -->
